<?xml version="1.0" encoding="UTF-8"?>
<testsuite xmlns:xsi="http://www.w3.org/2001/XMLSchema-instance" xsi:noNamespaceSchemaLocation="https://maven.apache.org/surefire/maven-surefire-plugin/xsd/surefire-test-report-3.0.xsd" version="3.0" name="TestSuite" time="6.436" tests="5" errors="0" skipped="0" failures="0">
  <properties>
    <property name="gopherProxySet" value="false"/>
    <property name="awt.toolkit" value="sun.lwawt.macosx.LWCToolkit"/>
    <property name="java.specification.version" value="11"/>
    <property name="sun.cpu.isalist" value=""/>
    <property name="sun.jnu.encoding" value="UTF-8"/>
    <property name="java.class.path" value="/Users/santhoshprabuvenkataramana/Desktop/APIFramework/target/test-classes:/Users/santhoshprabuvenkataramana/Desktop/APIFramework/target/classes:/Users/santhoshprabuvenkataramana/Desktop/Maven/apache-maven-3.6.1/Jars/io/rest-assured/rest-assured/3.0.0/rest-assured-3.0.0.jar:/Users/santhoshprabuvenkataramana/Desktop/Maven/apache-maven-3.6.1/Jars/org/codehaus/groovy/groovy/2.4.6/groovy-2.4.6.jar:/Users/santhoshprabuvenkataramana/Desktop/Maven/apache-maven-3.6.1/Jars/org/codehaus/groovy/groovy-xml/2.4.6/groovy-xml-2.4.6.jar:/Users/santhoshprabuvenkataramana/Desktop/Maven/apache-maven-3.6.1/Jars/org/apache/httpcomponents/httpclient/4.5.2/httpclient-4.5.2.jar:/Users/santhoshprabuvenkataramana/Desktop/Maven/apache-maven-3.6.1/Jars/org/apache/httpcomponents/httpcore/4.4.4/httpcore-4.4.4.jar:/Users/santhoshprabuvenkataramana/Desktop/Maven/apache-maven-3.6.1/Jars/commons-logging/commons-logging/1.2/commons-logging-1.2.jar:/Users/santhoshprabuvenkataramana/Desktop/Maven/apache-maven-3.6.1/Jars/commons-codec/commons-codec/1.9/commons-codec-1.9.jar:/Users/santhoshprabuvenkataramana/Desktop/Maven/apache-maven-3.6.1/Jars/org/apache/httpcomponents/httpmime/4.5.1/httpmime-4.5.1.jar:/Users/santhoshprabuvenkataramana/Desktop/Maven/apache-maven-3.6.1/Jars/org/hamcrest/hamcrest-core/1.3/hamcrest-core-1.3.jar:/Users/santhoshprabuvenkataramana/Desktop/Maven/apache-maven-3.6.1/Jars/org/hamcrest/hamcrest-library/1.3/hamcrest-library-1.3.jar:/Users/santhoshprabuvenkataramana/Desktop/Maven/apache-maven-3.6.1/Jars/org/ccil/cowan/tagsoup/tagsoup/1.2.1/tagsoup-1.2.1.jar:/Users/santhoshprabuvenkataramana/Desktop/Maven/apache-maven-3.6.1/Jars/io/rest-assured/json-path/3.0.0/json-path-3.0.0.jar:/Users/santhoshprabuvenkataramana/Desktop/Maven/apache-maven-3.6.1/Jars/org/codehaus/groovy/groovy-json/2.4.6/groovy-json-2.4.6.jar:/Users/santhoshprabuvenkataramana/Desktop/Maven/apache-maven-3.6.1/Jars/io/rest-assured/rest-assured-common/3.0.0/rest-assured-common-3.0.0.jar:/Users/santhoshprabuvenkataramana/Desktop/Maven/apache-maven-3.6.1/Jars/io/rest-assured/xml-path/3.0.0/xml-path-3.0.0.jar:/Users/santhoshprabuvenkataramana/Desktop/Maven/apache-maven-3.6.1/Jars/org/apache/commons/commons-lang3/3.4/commons-lang3-3.4.jar:/Users/santhoshprabuvenkataramana/Desktop/Maven/apache-maven-3.6.1/Jars/org/testng/testng/7.1.0/testng-7.1.0.jar:/Users/santhoshprabuvenkataramana/Desktop/Maven/apache-maven-3.6.1/Jars/com/beust/jcommander/1.72/jcommander-1.72.jar:/Users/santhoshprabuvenkataramana/Desktop/Maven/apache-maven-3.6.1/Jars/com/google/inject/guice/4.1.0/guice-4.1.0-no_aop.jar:/Users/santhoshprabuvenkataramana/Desktop/Maven/apache-maven-3.6.1/Jars/javax/inject/javax.inject/1/javax.inject-1.jar:/Users/santhoshprabuvenkataramana/Desktop/Maven/apache-maven-3.6.1/Jars/aopalliance/aopalliance/1.0/aopalliance-1.0.jar:/Users/santhoshprabuvenkataramana/Desktop/Maven/apache-maven-3.6.1/Jars/com/google/guava/guava/19.0/guava-19.0.jar:/Users/santhoshprabuvenkataramana/Desktop/Maven/apache-maven-3.6.1/Jars/org/yaml/snakeyaml/1.21/snakeyaml-1.21.jar:"/>
    <property name="java.vm.vendor" value="Oracle Corporation"/>
    <property name="sun.arch.data.model" value="64"/>
    <property name="java.vendor.url" value="http://java.oracle.com/"/>
    <property name="user.timezone" value="America/New_York"/>
    <property name="java.vm.specification.version" value="11"/>
    <property name="os.name" value="Mac OS X"/>
    <property name="sun.java.launcher" value="SUN_STANDARD"/>
    <property name="user.country" value="US"/>
    <property name="sun.boot.library.path" value="/Library/Java/JavaVirtualMachines/jdk-11.0.1.jdk/Contents/Home/lib"/>
    <property name="sun.java.command" value="/Users/santhoshprabuvenkataramana/Desktop/APIFramework/target/surefire/surefirebooter6812011204934129677.jar /Users/santhoshprabuvenkataramana/Desktop/APIFramework/target/surefire 2020-02-11T21-04-06_261-jvmRun1 surefire4411090569337608800tmp surefire_05773791022744010359tmp"/>
    <property name="http.nonProxyHosts" value="local|*.local|169.254/16|*.169.254/16"/>
    <property name="jdk.debug" value="release"/>
    <property name="surefire.test.class.path" value="/Users/santhoshprabuvenkataramana/Desktop/APIFramework/target/test-classes:/Users/santhoshprabuvenkataramana/Desktop/APIFramework/target/classes:/Users/santhoshprabuvenkataramana/Desktop/Maven/apache-maven-3.6.1/Jars/io/rest-assured/rest-assured/3.0.0/rest-assured-3.0.0.jar:/Users/santhoshprabuvenkataramana/Desktop/Maven/apache-maven-3.6.1/Jars/org/codehaus/groovy/groovy/2.4.6/groovy-2.4.6.jar:/Users/santhoshprabuvenkataramana/Desktop/Maven/apache-maven-3.6.1/Jars/org/codehaus/groovy/groovy-xml/2.4.6/groovy-xml-2.4.6.jar:/Users/santhoshprabuvenkataramana/Desktop/Maven/apache-maven-3.6.1/Jars/org/apache/httpcomponents/httpclient/4.5.2/httpclient-4.5.2.jar:/Users/santhoshprabuvenkataramana/Desktop/Maven/apache-maven-3.6.1/Jars/org/apache/httpcomponents/httpcore/4.4.4/httpcore-4.4.4.jar:/Users/santhoshprabuvenkataramana/Desktop/Maven/apache-maven-3.6.1/Jars/commons-logging/commons-logging/1.2/commons-logging-1.2.jar:/Users/santhoshprabuvenkataramana/Desktop/Maven/apache-maven-3.6.1/Jars/commons-codec/commons-codec/1.9/commons-codec-1.9.jar:/Users/santhoshprabuvenkataramana/Desktop/Maven/apache-maven-3.6.1/Jars/org/apache/httpcomponents/httpmime/4.5.1/httpmime-4.5.1.jar:/Users/santhoshprabuvenkataramana/Desktop/Maven/apache-maven-3.6.1/Jars/org/hamcrest/hamcrest-core/1.3/hamcrest-core-1.3.jar:/Users/santhoshprabuvenkataramana/Desktop/Maven/apache-maven-3.6.1/Jars/org/hamcrest/hamcrest-library/1.3/hamcrest-library-1.3.jar:/Users/santhoshprabuvenkataramana/Desktop/Maven/apache-maven-3.6.1/Jars/org/ccil/cowan/tagsoup/tagsoup/1.2.1/tagsoup-1.2.1.jar:/Users/santhoshprabuvenkataramana/Desktop/Maven/apache-maven-3.6.1/Jars/io/rest-assured/json-path/3.0.0/json-path-3.0.0.jar:/Users/santhoshprabuvenkataramana/Desktop/Maven/apache-maven-3.6.1/Jars/org/codehaus/groovy/groovy-json/2.4.6/groovy-json-2.4.6.jar:/Users/santhoshprabuvenkataramana/Desktop/Maven/apache-maven-3.6.1/Jars/io/rest-assured/rest-assured-common/3.0.0/rest-assured-common-3.0.0.jar:/Users/santhoshprabuvenkataramana/Desktop/Maven/apache-maven-3.6.1/Jars/io/rest-assured/xml-path/3.0.0/xml-path-3.0.0.jar:/Users/santhoshprabuvenkataramana/Desktop/Maven/apache-maven-3.6.1/Jars/org/apache/commons/commons-lang3/3.4/commons-lang3-3.4.jar:/Users/santhoshprabuvenkataramana/Desktop/Maven/apache-maven-3.6.1/Jars/org/testng/testng/7.1.0/testng-7.1.0.jar:/Users/santhoshprabuvenkataramana/Desktop/Maven/apache-maven-3.6.1/Jars/com/beust/jcommander/1.72/jcommander-1.72.jar:/Users/santhoshprabuvenkataramana/Desktop/Maven/apache-maven-3.6.1/Jars/com/google/inject/guice/4.1.0/guice-4.1.0-no_aop.jar:/Users/santhoshprabuvenkataramana/Desktop/Maven/apache-maven-3.6.1/Jars/javax/inject/javax.inject/1/javax.inject-1.jar:/Users/santhoshprabuvenkataramana/Desktop/Maven/apache-maven-3.6.1/Jars/aopalliance/aopalliance/1.0/aopalliance-1.0.jar:/Users/santhoshprabuvenkataramana/Desktop/Maven/apache-maven-3.6.1/Jars/com/google/guava/guava/19.0/guava-19.0.jar:/Users/santhoshprabuvenkataramana/Desktop/Maven/apache-maven-3.6.1/Jars/org/yaml/snakeyaml/1.21/snakeyaml-1.21.jar:"/>
    <property name="sun.cpu.endian" value="little"/>
    <property name="user.home" value="/Users/santhoshprabuvenkataramana"/>
    <property name="user.language" value="en"/>
    <property name="java.specification.vendor" value="Oracle Corporation"/>
    <property name="java.version.date" value="2018-10-16"/>
    <property name="java.home" value="/Library/Java/JavaVirtualMachines/jdk-11.0.1.jdk/Contents/Home"/>
    <property name="file.separator" value="/"/>
    <property name="basedir" value="/Users/santhoshprabuvenkataramana/Desktop/APIFramework"/>
    <property name="java.vm.compressedOopsMode" value="Zero based"/>
    <property name="line.separator" value="&#10;"/>
    <property name="java.specification.name" value="Java Platform API Specification"/>
    <property name="java.vm.specification.vendor" value="Oracle Corporation"/>
    <property name="java.awt.graphicsenv" value="sun.awt.CGraphicsEnvironment"/>
    <property name="surefire.real.class.path" value="/Users/santhoshprabuvenkataramana/Desktop/APIFramework/target/surefire/surefirebooter6812011204934129677.jar"/>
    <property name="sun.management.compiler" value="HotSpot 64-Bit Tiered Compilers"/>
    <property name="ftp.nonProxyHosts" value="local|*.local|169.254/16|*.169.254/16"/>
    <property name="java.runtime.version" value="11.0.1+13-LTS"/>
    <property name="user.name" value="santhoshprabuvenkataramana"/>
    <property name="path.separator" value=":"/>
    <property name="os.version" value="10.14.5"/>
    <property name="java.runtime.name" value="Java(TM) SE Runtime Environment"/>
    <property name="file.encoding" value="UTF-8"/>
    <property name="java.vm.name" value="Java HotSpot(TM) 64-Bit Server VM"/>
    <property name="java.vendor.version" value="18.9"/>
    <property name="localRepository" value="/Users/santhoshprabuvenkataramana/Desktop/Maven/apache-maven-3.6.1/Jars"/>
    <property name="java.vendor.url.bug" value="http://bugreport.java.com/bugreport/"/>
    <property name="java.io.tmpdir" value="/var/folders/h3/7mq1bycn6rvdtdsglzz9781c0000gn/T/"/>
    <property name="java.version" value="11.0.1"/>
    <property name="user.dir" value="/Users/santhoshprabuvenkataramana/Desktop/APIFramework"/>
    <property name="os.arch" value="x86_64"/>
    <property name="java.vm.specification.name" value="Java Virtual Machine Specification"/>
    <property name="java.awt.printerjob" value="sun.lwawt.macosx.CPrinterJob"/>
    <property name="sun.os.patch.level" value="unknown"/>
    <property name="java.library.path" value="/Users/santhoshprabuvenkataramana/Library/Java/Extensions:/Library/Java/Extensions:/Network/Library/Java/Extensions:/System/Library/Java/Extensions:/usr/lib/java:."/>
    <property name="java.vendor" value="Oracle Corporation"/>
    <property name="java.vm.info" value="mixed mode"/>
    <property name="java.vm.version" value="11.0.1+13-LTS"/>
    <property name="sun.io.unicode.encoding" value="UnicodeBig"/>
    <property name="java.class.version" value="55.0"/>
    <property name="socksNonProxyHosts" value="local|*.local|169.254/16|*.169.254/16"/>
  </properties>
  <testcase name="Func_Test1" classname="Functional_Tests" time="0.007"/>
  <testcase name="Func_Test2" classname="Functional_Tests" time="0"/>
  <testcase name="Func_Test4" classname="Functional_Tests" time="0"/>
  <testcase name="Func_Test5" classname="Functional_Tests" time="0"/>
  <testcase name="regressionTest2" classname="Regression_Tests" time="0"/>
</testsuite>