<?xml version="1.0" encoding="UTF-8"?>
<!-- Generated by org.testng.reporters.JUnitReportReporter -->
<testsuite hostname="Santhoshs-MacBook-Air.local" failures="0" tests="4" name="Functional_Tests" time="0.009" errors="0" timestamp="2020-02-11T21:04:14 EST" skipped="0">
  <testcase classname="Functional_Tests" name="Func_Test2" time="0.001"/>
  <system-out/>
  <testcase classname="Functional_Tests" name="Func_Test4" time="0.000"/>
  <system-out/>
  <testcase classname="Functional_Tests" name="Func_Test5" time="0.000"/>
  <system-out/>
  <testcase classname="Functional_Tests" name="Func_Test1" time="0.008"/>
  <system-out/>
</testsuite> <!-- Functional_Tests -->
