<?xml version="1.0" encoding="UTF-8"?>
<!-- Generated by org.testng.reporters.JUnitReportReporter -->
<testsuite hostname="Santhoshs-MacBook-Air.local" failures="0" tests="1" name="Regression_Tests" time="0.000" errors="0" timestamp="2020-02-11T21:04:14 EST" skipped="0">
  <testcase classname="Regression_Tests" name="regressionTest2" time="0.000"/>
  <system-out/>
</testsuite> <!-- Regression_Tests -->
